{"/Users/gtierrez_andres/Desktop/cse110-sp21-group32/sources/scripts/storage.js": {"path":"/Users/gtierrez_andres/Desktop/cse110-sp21-group32/sources/scripts/storage.js","statementMap":{"0":{"start":{"line":1,"column":16},"end":{"line":1,"column":35}},"1":{"start":{"line":7,"column":30},"end":{"line":7,"column":39}},"2":{"start":{"line":8,"column":25},"end":{"line":8,"column":34}},"3":{"start":{"line":10,"column":0},"end":{"line":15,"column":1}},"4":{"start":{"line":11,"column":2},"end":{"line":11,"column":57}},"5":{"start":{"line":12,"column":2},"end":{"line":12,"column":25}},"6":{"start":{"line":14,"column":2},"end":{"line":14,"column":17}},"7":{"start":{"line":16,"column":0},"end":{"line":21,"column":1}},"8":{"start":{"line":17,"column":2},"end":{"line":17,"column":61}},"9":{"start":{"line":18,"column":2},"end":{"line":18,"column":27}},"10":{"start":{"line":20,"column":2},"end":{"line":20,"column":19}},"11":{"start":{"line":22,"column":0},"end":{"line":27,"column":1}},"12":{"start":{"line":23,"column":2},"end":{"line":23,"column":53}},"13":{"start":{"line":24,"column":2},"end":{"line":24,"column":23}},"14":{"start":{"line":26,"column":2},"end":{"line":26,"column":15}},"15":{"start":{"line":30,"column":12},"end":{"line":30,"column":22}},"16":{"start":{"line":31,"column":23},"end":{"line":31,"column":42}},"17":{"start":{"line":32,"column":0},"end":{"line":36,"column":1}},"18":{"start":{"line":33,"column":2},"end":{"line":33,"column":43}},"19":{"start":{"line":35,"column":2},"end":{"line":35,"column":42}},"20":{"start":{"line":37,"column":0},"end":{"line":41,"column":1}},"21":{"start":{"line":38,"column":2},"end":{"line":38,"column":38}},"22":{"start":{"line":40,"column":2},"end":{"line":40,"column":37}},"23":{"start":{"line":44,"column":2},"end":{"line":44,"column":60}},"24":{"start":{"line":47,"column":2},"end":{"line":47,"column":64}},"25":{"start":{"line":50,"column":2},"end":{"line":50,"column":56}},"26":{"start":{"line":58,"column":23},"end":{"line":58,"column":24}},"27":{"start":{"line":59,"column":23},"end":{"line":59,"column":28}},"28":{"start":{"line":60,"column":2},"end":{"line":60,"column":25}},"29":{"start":{"line":64,"column":2},"end":{"line":74,"column":3}},"30":{"start":{"line":65,"column":4},"end":{"line":67,"column":5}},"31":{"start":{"line":66,"column":6},"end":{"line":66,"column":23}},"32":{"start":{"line":68,"column":15},"end":{"line":68,"column":55}},"33":{"start":{"line":69,"column":4},"end":{"line":69,"column":25}},"34":{"start":{"line":70,"column":4},"end":{"line":73,"column":5}},"35":{"start":{"line":71,"column":6},"end":{"line":71,"column":29}},"36":{"start":{"line":72,"column":6},"end":{"line":72,"column":28}},"37":{"start":{"line":75,"column":2},"end":{"line":75,"column":17}},"38":{"start":{"line":78,"column":2},"end":{"line":91,"column":3}},"39":{"start":{"line":79,"column":12},"end":{"line":79,"column":13}},"40":{"start":{"line":80,"column":4},"end":{"line":89,"column":5}},"41":{"start":{"line":81,"column":6},"end":{"line":87,"column":7}},"42":{"start":{"line":82,"column":8},"end":{"line":82,"column":29}},"43":{"start":{"line":83,"column":8},"end":{"line":83,"column":21}},"44":{"start":{"line":84,"column":8},"end":{"line":84,"column":42}},"45":{"start":{"line":86,"column":8},"end":{"line":86,"column":14}},"46":{"start":{"line":88,"column":6},"end":{"line":88,"column":10}},"47":{"start":{"line":101,"column":20},"end":{"line":104,"column":4}},"48":{"start":{"line":106,"column":2},"end":{"line":110,"column":5}},"49":{"start":{"line":107,"column":4},"end":{"line":109,"column":5}},"50":{"start":{"line":108,"column":6},"end":{"line":108,"column":71}},"51":{"start":{"line":114,"column":14},"end":{"line":114,"column":15}},"52":{"start":{"line":115,"column":2},"end":{"line":131,"column":3}},"53":{"start":{"line":118,"column":4},"end":{"line":129,"column":5}},"54":{"start":{"line":122,"column":6},"end":{"line":122,"column":35}},"55":{"start":{"line":123,"column":24},"end":{"line":126,"column":8}},"56":{"start":{"line":127,"column":6},"end":{"line":127,"column":43}},"57":{"start":{"line":128,"column":6},"end":{"line":128,"column":12}},"58":{"start":{"line":130,"column":4},"end":{"line":130,"column":12}},"59":{"start":{"line":132,"column":2},"end":{"line":132,"column":19}},"60":{"start":{"line":142,"column":23},"end":{"line":142,"column":24}},"61":{"start":{"line":143,"column":23},"end":{"line":143,"column":28}},"62":{"start":{"line":144,"column":2},"end":{"line":144,"column":52}},"63":{"start":{"line":145,"column":2},"end":{"line":145,"column":28}},"64":{"start":{"line":146,"column":2},"end":{"line":159,"column":5}},"65":{"start":{"line":147,"column":20},"end":{"line":147,"column":52}},"66":{"start":{"line":148,"column":4},"end":{"line":148,"column":30}},"67":{"start":{"line":149,"column":4},"end":{"line":151,"column":5}},"68":{"start":{"line":150,"column":6},"end":{"line":150,"column":23}},"69":{"start":{"line":152,"column":4},"end":{"line":158,"column":5}},"70":{"start":{"line":156,"column":6},"end":{"line":156,"column":35}},"71":{"start":{"line":157,"column":6},"end":{"line":157,"column":28}},"72":{"start":{"line":160,"column":2},"end":{"line":160,"column":17}},"73":{"start":{"line":163,"column":2},"end":{"line":193,"column":3}},"74":{"start":{"line":165,"column":4},"end":{"line":175,"column":5}},"75":{"start":{"line":166,"column":14},"end":{"line":166,"column":15}},"76":{"start":{"line":167,"column":6},"end":{"line":174,"column":7}},"77":{"start":{"line":168,"column":8},"end":{"line":172,"column":9}},"78":{"start":{"line":169,"column":10},"end":{"line":169,"column":31}},"79":{"start":{"line":170,"column":10},"end":{"line":170,"column":44}},"80":{"start":{"line":171,"column":10},"end":{"line":171,"column":16}},"81":{"start":{"line":173,"column":8},"end":{"line":173,"column":12}},"82":{"start":{"line":178,"column":21},"end":{"line":178,"column":26}},"83":{"start":{"line":179,"column":4},"end":{"line":183,"column":7}},"84":{"start":{"line":180,"column":6},"end":{"line":182,"column":7}},"85":{"start":{"line":181,"column":8},"end":{"line":181,"column":26}},"86":{"start":{"line":184,"column":4},"end":{"line":187,"column":5}},"87":{"start":{"line":185,"column":23},"end":{"line":185,"column":64}},"88":{"start":{"line":186,"column":6},"end":{"line":186,"column":31}},"89":{"start":{"line":188,"column":4},"end":{"line":188,"column":17}},"90":{"start":{"line":191,"column":9},"end":{"line":193,"column":3}},"91":{"start":{"line":203,"column":15},"end":{"line":203,"column":69}},"92":{"start":{"line":204,"column":15},"end":{"line":204,"column":19}},"93":{"start":{"line":205,"column":2},"end":{"line":210,"column":5}},"94":{"start":{"line":206,"column":4},"end":{"line":209,"column":5}},"95":{"start":{"line":207,"column":17},"end":{"line":207,"column":71}},"96":{"start":{"line":208,"column":6},"end":{"line":208,"column":55}},"97":{"start":{"line":211,"column":2},"end":{"line":211,"column":17}},"98":{"start":{"line":214,"column":2},"end":{"line":216,"column":3}},"99":{"start":{"line":215,"column":4},"end":{"line":215,"column":68}},"100":{"start":{"line":217,"column":2},"end":{"line":217,"column":30}},"101":{"start":{"line":218,"column":2},"end":{"line":218,"column":30}},"102":{"start":{"line":219,"column":14},"end":{"line":219,"column":15}},"103":{"start":{"line":220,"column":2},"end":{"line":235,"column":3}},"104":{"start":{"line":223,"column":4},"end":{"line":233,"column":5}},"105":{"start":{"line":227,"column":6},"end":{"line":227,"column":39}},"106":{"start":{"line":228,"column":6},"end":{"line":228,"column":54}},"107":{"start":{"line":229,"column":6},"end":{"line":231,"column":7}},"108":{"start":{"line":230,"column":8},"end":{"line":230,"column":53}},"109":{"start":{"line":232,"column":6},"end":{"line":232,"column":12}},"110":{"start":{"line":234,"column":4},"end":{"line":234,"column":12}},"111":{"start":{"line":236,"column":2},"end":{"line":236,"column":19}},"112":{"start":{"line":245,"column":20},"end":{"line":245,"column":30}},"113":{"start":{"line":246,"column":2},"end":{"line":246,"column":28}},"114":{"start":{"line":247,"column":2},"end":{"line":247,"column":17}},"115":{"start":{"line":250,"column":24},"end":{"line":250,"column":64}},"116":{"start":{"line":251,"column":2},"end":{"line":251,"column":80}},"117":{"start":{"line":252,"column":2},"end":{"line":252,"column":49}},"118":{"start":{"line":255,"column":2},"end":{"line":258,"column":3}},"119":{"start":{"line":256,"column":4},"end":{"line":256,"column":31}},"120":{"start":{"line":261,"column":19},"end":{"line":261,"column":24}},"121":{"start":{"line":262,"column":2},"end":{"line":266,"column":5}},"122":{"start":{"line":263,"column":4},"end":{"line":265,"column":5}},"123":{"start":{"line":264,"column":6},"end":{"line":264,"column":24}},"124":{"start":{"line":267,"column":2},"end":{"line":272,"column":3}},"125":{"start":{"line":268,"column":21},"end":{"line":268,"column":62}},"126":{"start":{"line":269,"column":4},"end":{"line":269,"column":29}},"127":{"start":{"line":270,"column":4},"end":{"line":270,"column":17}},"128":{"start":{"line":281,"column":22},"end":{"line":281,"column":34}},"129":{"start":{"line":282,"column":2},"end":{"line":282,"column":32}},"130":{"start":{"line":283,"column":2},"end":{"line":283,"column":19}},"131":{"start":{"line":285,"column":2},"end":{"line":291,"column":3}},"132":{"start":{"line":286,"column":22},"end":{"line":289,"column":6}},"133":{"start":{"line":290,"column":4},"end":{"line":290,"column":38}},"134":{"start":{"line":299,"column":22},"end":{"line":299,"column":68}},"135":{"start":{"line":300,"column":23},"end":{"line":300,"column":62}},"136":{"start":{"line":301,"column":2},"end":{"line":301,"column":27}},"137":{"start":{"line":302,"column":2},"end":{"line":302,"column":22}},"138":{"start":{"line":305,"column":24},"end":{"line":305,"column":64}},"139":{"start":{"line":306,"column":2},"end":{"line":306,"column":80}},"140":{"start":{"line":307,"column":2},"end":{"line":307,"column":30}},"141":{"start":{"line":308,"column":2},"end":{"line":308,"column":44}},"142":{"start":{"line":309,"column":2},"end":{"line":309,"column":49}},"143":{"start":{"line":312,"column":2},"end":{"line":322,"column":5}},"144":{"start":{"line":313,"column":22},"end":{"line":313,"column":62}},"145":{"start":{"line":314,"column":4},"end":{"line":314,"column":39}},"146":{"start":{"line":315,"column":4},"end":{"line":319,"column":6}},"147":{"start":{"line":320,"column":4},"end":{"line":320,"column":42}},"148":{"start":{"line":321,"column":4},"end":{"line":321,"column":47}},"149":{"start":{"line":324,"column":2},"end":{"line":324,"column":29}},"150":{"start":{"line":325,"column":2},"end":{"line":325,"column":14}},"151":{"start":{"line":328,"column":2},"end":{"line":328,"column":17}},"152":{"start":{"line":336,"column":19},"end":{"line":336,"column":56}},"153":{"start":{"line":337,"column":2},"end":{"line":339,"column":3}},"154":{"start":{"line":338,"column":4},"end":{"line":338,"column":33}},"155":{"start":{"line":342,"column":24},"end":{"line":344,"column":3}},"156":{"start":{"line":343,"column":14},"end":{"line":343,"column":49}},"157":{"start":{"line":351,"column":2},"end":{"line":378,"column":3}},"158":{"start":{"line":355,"column":7},"end":{"line":378,"column":3}},"159":{"start":{"line":356,"column":4},"end":{"line":365,"column":7}},"160":{"start":{"line":357,"column":6},"end":{"line":364,"column":7}},"161":{"start":{"line":358,"column":24},"end":{"line":358,"column":62}},"162":{"start":{"line":361,"column":8},"end":{"line":361,"column":32}},"163":{"start":{"line":362,"column":8},"end":{"line":362,"column":45}},"164":{"start":{"line":363,"column":8},"end":{"line":363,"column":40}},"165":{"start":{"line":369,"column":4},"end":{"line":377,"column":7}},"166":{"start":{"line":370,"column":6},"end":{"line":376,"column":7}},"167":{"start":{"line":371,"column":24},"end":{"line":371,"column":62}},"168":{"start":{"line":373,"column":8},"end":{"line":373,"column":32}},"169":{"start":{"line":374,"column":8},"end":{"line":374,"column":45}},"170":{"start":{"line":375,"column":8},"end":{"line":375,"column":40}},"171":{"start":{"line":385,"column":22},"end":{"line":385,"column":68}},"172":{"start":{"line":386,"column":2},"end":{"line":388,"column":3}},"173":{"start":{"line":387,"column":4},"end":{"line":387,"column":36}},"174":{"start":{"line":391,"column":22},"end":{"line":393,"column":3}},"175":{"start":{"line":392,"column":14},"end":{"line":392,"column":49}},"176":{"start":{"line":396,"column":21},"end":{"line":396,"column":26}},"177":{"start":{"line":397,"column":2},"end":{"line":421,"column":5}},"178":{"start":{"line":399,"column":4},"end":{"line":409,"column":5}},"179":{"start":{"line":400,"column":24},"end":{"line":400,"column":60}},"180":{"start":{"line":401,"column":6},"end":{"line":401,"column":35}},"181":{"start":{"line":402,"column":6},"end":{"line":406,"column":7}},"182":{"start":{"line":403,"column":8},"end":{"line":403,"column":36}},"183":{"start":{"line":405,"column":8},"end":{"line":405,"column":37}},"184":{"start":{"line":407,"column":6},"end":{"line":407,"column":43}},"185":{"start":{"line":408,"column":6},"end":{"line":408,"column":26}},"186":{"start":{"line":411,"column":4},"end":{"line":420,"column":5}},"187":{"start":{"line":412,"column":20},"end":{"line":412,"column":56}},"188":{"start":{"line":413,"column":6},"end":{"line":417,"column":7}},"189":{"start":{"line":414,"column":8},"end":{"line":414,"column":32}},"190":{"start":{"line":416,"column":8},"end":{"line":416,"column":33}},"191":{"start":{"line":418,"column":6},"end":{"line":418,"column":31}},"192":{"start":{"line":419,"column":6},"end":{"line":419,"column":39}},"193":{"start":{"line":423,"column":2},"end":{"line":432,"column":3}},"194":{"start":{"line":424,"column":22},"end":{"line":424,"column":58}},"195":{"start":{"line":425,"column":4},"end":{"line":425,"column":33}},"196":{"start":{"line":426,"column":4},"end":{"line":430,"column":5}},"197":{"start":{"line":427,"column":6},"end":{"line":427,"column":34}},"198":{"start":{"line":429,"column":6},"end":{"line":429,"column":35}},"199":{"start":{"line":431,"column":4},"end":{"line":431,"column":41}},"200":{"start":{"line":434,"column":2},"end":{"line":434,"column":25}},"201":{"start":{"line":442,"column":20},"end":{"line":442,"column":66}},"202":{"start":{"line":443,"column":14},"end":{"line":443,"column":53}},"203":{"start":{"line":444,"column":2},"end":{"line":458,"column":3}},"204":{"start":{"line":445,"column":4},"end":{"line":445,"column":61}},"205":{"start":{"line":446,"column":4},"end":{"line":448,"column":7}},"206":{"start":{"line":447,"column":6},"end":{"line":447,"column":27}},"207":{"start":{"line":450,"column":4},"end":{"line":450,"column":61}},"208":{"start":{"line":451,"column":4},"end":{"line":457,"column":7}},"209":{"start":{"line":452,"column":6},"end":{"line":456,"column":7}},"210":{"start":{"line":453,"column":1},"end":{"line":453,"column":22}},"211":{"start":{"line":455,"column":1},"end":{"line":455,"column":23}},"212":{"start":{"line":466,"column":20},"end":{"line":469,"column":4}},"213":{"start":{"line":470,"column":2},"end":{"line":474,"column":3}},"214":{"start":{"line":471,"column":4},"end":{"line":471,"column":38}},"215":{"start":{"line":473,"column":4},"end":{"line":473,"column":41}},"216":{"start":{"line":475,"column":2},"end":{"line":477,"column":3}},"217":{"start":{"line":476,"column":4},"end":{"line":476,"column":19}},"218":{"start":{"line":485,"column":2},"end":{"line":491,"column":3}},"219":{"start":{"line":486,"column":4},"end":{"line":486,"column":37}},"220":{"start":{"line":487,"column":4},"end":{"line":487,"column":29}},"221":{"start":{"line":489,"column":4},"end":{"line":489,"column":34}},"222":{"start":{"line":490,"column":4},"end":{"line":490,"column":28}},"223":{"start":{"line":492,"column":2},"end":{"line":492,"column":17}}},"fnMap":{"0":{"name":"updateBullet","decl":{"start":{"line":43,"column":16},"end":{"line":43,"column":28}},"loc":{"start":{"line":43,"column":31},"end":{"line":45,"column":1}},"line":43},"1":{"name":"updateCategory","decl":{"start":{"line":46,"column":16},"end":{"line":46,"column":30}},"loc":{"start":{"line":46,"column":33},"end":{"line":48,"column":1}},"line":46},"2":{"name":"updateDate","decl":{"start":{"line":49,"column":16},"end":{"line":49,"column":26}},"loc":{"start":{"line":49,"column":29},"end":{"line":51,"column":1}},"line":49},"3":{"name":"deleteBullet","decl":{"start":{"line":57,"column":16},"end":{"line":57,"column":28}},"loc":{"start":{"line":57,"column":37},"end":{"line":92,"column":1}},"line":57},"4":{"name":"deleteCategory","decl":{"start":{"line":99,"column":16},"end":{"line":99,"column":30}},"loc":{"start":{"line":99,"column":36},"end":{"line":134,"column":1}},"line":99},"5":{"name":"(anonymous_5)","decl":{"start":{"line":106,"column":20},"end":{"line":106,"column":21}},"loc":{"start":{"line":106,"column":43},"end":{"line":110,"column":3}},"line":106},"6":{"name":"editBullet","decl":{"start":{"line":141,"column":16},"end":{"line":141,"column":26}},"loc":{"start":{"line":141,"column":49},"end":{"line":194,"column":1}},"line":141},"7":{"name":"(anonymous_7)","decl":{"start":{"line":146,"column":20},"end":{"line":146,"column":21}},"loc":{"start":{"line":146,"column":43},"end":{"line":159,"column":3}},"line":146},"8":{"name":"(anonymous_8)","decl":{"start":{"line":179,"column":20},"end":{"line":179,"column":21}},"loc":{"start":{"line":179,"column":36},"end":{"line":183,"column":5}},"line":179},"9":{"name":"editCategory","decl":{"start":{"line":201,"column":16},"end":{"line":201,"column":28}},"loc":{"start":{"line":201,"column":55},"end":{"line":238,"column":1}},"line":201},"10":{"name":"(anonymous_10)","decl":{"start":{"line":205,"column":20},"end":{"line":205,"column":21}},"loc":{"start":{"line":205,"column":43},"end":{"line":210,"column":3}},"line":205},"11":{"name":"addBullet","decl":{"start":{"line":244,"column":16},"end":{"line":244,"column":25}},"loc":{"start":{"line":244,"column":31},"end":{"line":274,"column":1}},"line":244},"12":{"name":"(anonymous_12)","decl":{"start":{"line":262,"column":18},"end":{"line":262,"column":19}},"loc":{"start":{"line":262,"column":34},"end":{"line":266,"column":3}},"line":262},"13":{"name":"addCategory","decl":{"start":{"line":280,"column":16},"end":{"line":280,"column":27}},"loc":{"start":{"line":280,"column":33},"end":{"line":293,"column":1}},"line":280},"14":{"name":"buildDefault","decl":{"start":{"line":298,"column":16},"end":{"line":298,"column":28}},"loc":{"start":{"line":298,"column":31},"end":{"line":329,"column":1}},"line":298},"15":{"name":"(anonymous_15)","decl":{"start":{"line":312,"column":22},"end":{"line":312,"column":23}},"loc":{"start":{"line":312,"column":45},"end":{"line":322,"column":3}},"line":312},"16":{"name":"buildCurrent","decl":{"start":{"line":334,"column":16},"end":{"line":334,"column":28}},"loc":{"start":{"line":334,"column":31},"end":{"line":379,"column":1}},"line":334},"17":{"name":"(anonymous_17)","decl":{"start":{"line":343,"column":4},"end":{"line":343,"column":5}},"loc":{"start":{"line":343,"column":14},"end":{"line":343,"column":49}},"line":343},"18":{"name":"(anonymous_18)","decl":{"start":{"line":356,"column":26},"end":{"line":356,"column":27}},"loc":{"start":{"line":356,"column":42},"end":{"line":365,"column":5}},"line":356},"19":{"name":"(anonymous_19)","decl":{"start":{"line":369,"column":26},"end":{"line":369,"column":27}},"loc":{"start":{"line":369,"column":42},"end":{"line":377,"column":5}},"line":369},"20":{"name":"buildDate","decl":{"start":{"line":384,"column":9},"end":{"line":384,"column":18}},"loc":{"start":{"line":384,"column":21},"end":{"line":435,"column":1}},"line":384},"21":{"name":"(anonymous_21)","decl":{"start":{"line":392,"column":4},"end":{"line":392,"column":5}},"loc":{"start":{"line":392,"column":14},"end":{"line":392,"column":49}},"line":392},"22":{"name":"(anonymous_22)","decl":{"start":{"line":397,"column":22},"end":{"line":397,"column":23}},"loc":{"start":{"line":397,"column":38},"end":{"line":421,"column":3}},"line":397},"23":{"name":"updateDateBackground","decl":{"start":{"line":441,"column":16},"end":{"line":441,"column":36}},"loc":{"start":{"line":441,"column":39},"end":{"line":459,"column":1}},"line":441},"24":{"name":"(anonymous_24)","decl":{"start":{"line":446,"column":18},"end":{"line":446,"column":19}},"loc":{"start":{"line":446,"column":28},"end":{"line":448,"column":5}},"line":446},"25":{"name":"(anonymous_25)","decl":{"start":{"line":451,"column":18},"end":{"line":451,"column":19}},"loc":{"start":{"line":451,"column":28},"end":{"line":457,"column":5}},"line":451},"26":{"name":"updateActiveCategories","decl":{"start":{"line":465,"column":16},"end":{"line":465,"column":38}},"loc":{"start":{"line":465,"column":59},"end":{"line":478,"column":1}},"line":465},"27":{"name":"updateActiveDates","decl":{"start":{"line":484,"column":16},"end":{"line":484,"column":33}},"loc":{"start":{"line":484,"column":43},"end":{"line":493,"column":1}},"line":484}},"branchMap":{"0":{"loc":{"start":{"line":10,"column":0},"end":{"line":15,"column":1}},"type":"if","locations":[{"start":{"line":10,"column":0},"end":{"line":15,"column":1}},{"start":{"line":10,"column":0},"end":{"line":15,"column":1}}],"line":10},"1":{"loc":{"start":{"line":16,"column":0},"end":{"line":21,"column":1}},"type":"if","locations":[{"start":{"line":16,"column":0},"end":{"line":21,"column":1}},{"start":{"line":16,"column":0},"end":{"line":21,"column":1}}],"line":16},"2":{"loc":{"start":{"line":22,"column":0},"end":{"line":27,"column":1}},"type":"if","locations":[{"start":{"line":22,"column":0},"end":{"line":27,"column":1}},{"start":{"line":22,"column":0},"end":{"line":27,"column":1}}],"line":22},"3":{"loc":{"start":{"line":32,"column":0},"end":{"line":36,"column":1}},"type":"if","locations":[{"start":{"line":32,"column":0},"end":{"line":36,"column":1}},{"start":{"line":32,"column":0},"end":{"line":36,"column":1}}],"line":32},"4":{"loc":{"start":{"line":37,"column":0},"end":{"line":41,"column":1}},"type":"if","locations":[{"start":{"line":37,"column":0},"end":{"line":41,"column":1}},{"start":{"line":37,"column":0},"end":{"line":41,"column":1}}],"line":37},"5":{"loc":{"start":{"line":65,"column":4},"end":{"line":67,"column":5}},"type":"if","locations":[{"start":{"line":65,"column":4},"end":{"line":67,"column":5}},{"start":{"line":65,"column":4},"end":{"line":67,"column":5}}],"line":65},"6":{"loc":{"start":{"line":70,"column":4},"end":{"line":73,"column":5}},"type":"if","locations":[{"start":{"line":70,"column":4},"end":{"line":73,"column":5}},{"start":{"line":70,"column":4},"end":{"line":73,"column":5}}],"line":70},"7":{"loc":{"start":{"line":70,"column":8},"end":{"line":70,"column":73}},"type":"binary-expr","locations":[{"start":{"line":70,"column":8},"end":{"line":70,"column":54}},{"start":{"line":70,"column":58},"end":{"line":70,"column":73}}],"line":70},"8":{"loc":{"start":{"line":78,"column":2},"end":{"line":91,"column":3}},"type":"if","locations":[{"start":{"line":78,"column":2},"end":{"line":91,"column":3}},{"start":{"line":78,"column":2},"end":{"line":91,"column":3}}],"line":78},"9":{"loc":{"start":{"line":81,"column":6},"end":{"line":87,"column":7}},"type":"if","locations":[{"start":{"line":81,"column":6},"end":{"line":87,"column":7}},{"start":{"line":81,"column":6},"end":{"line":87,"column":7}}],"line":81},"10":{"loc":{"start":{"line":107,"column":4},"end":{"line":109,"column":5}},"type":"if","locations":[{"start":{"line":107,"column":4},"end":{"line":109,"column":5}},{"start":{"line":107,"column":4},"end":{"line":109,"column":5}}],"line":107},"11":{"loc":{"start":{"line":118,"column":4},"end":{"line":129,"column":5}},"type":"if","locations":[{"start":{"line":118,"column":4},"end":{"line":129,"column":5}},{"start":{"line":118,"column":4},"end":{"line":129,"column":5}}],"line":118},"12":{"loc":{"start":{"line":119,"column":6},"end":{"line":120,"column":70}},"type":"binary-expr","locations":[{"start":{"line":119,"column":6},"end":{"line":119,"column":70}},{"start":{"line":120,"column":6},"end":{"line":120,"column":70}}],"line":119},"13":{"loc":{"start":{"line":149,"column":4},"end":{"line":151,"column":5}},"type":"if","locations":[{"start":{"line":149,"column":4},"end":{"line":151,"column":5}},{"start":{"line":149,"column":4},"end":{"line":151,"column":5}}],"line":149},"14":{"loc":{"start":{"line":152,"column":4},"end":{"line":158,"column":5}},"type":"if","locations":[{"start":{"line":152,"column":4},"end":{"line":158,"column":5}},{"start":{"line":152,"column":4},"end":{"line":158,"column":5}}],"line":152},"15":{"loc":{"start":{"line":153,"column":6},"end":{"line":154,"column":21}},"type":"binary-expr","locations":[{"start":{"line":153,"column":6},"end":{"line":153,"column":60}},{"start":{"line":154,"column":6},"end":{"line":154,"column":21}}],"line":153},"16":{"loc":{"start":{"line":163,"column":2},"end":{"line":193,"column":3}},"type":"if","locations":[{"start":{"line":163,"column":2},"end":{"line":193,"column":3}},{"start":{"line":163,"column":2},"end":{"line":193,"column":3}}],"line":163},"17":{"loc":{"start":{"line":165,"column":4},"end":{"line":175,"column":5}},"type":"if","locations":[{"start":{"line":165,"column":4},"end":{"line":175,"column":5}},{"start":{"line":165,"column":4},"end":{"line":175,"column":5}}],"line":165},"18":{"loc":{"start":{"line":168,"column":8},"end":{"line":172,"column":9}},"type":"if","locations":[{"start":{"line":168,"column":8},"end":{"line":172,"column":9}},{"start":{"line":168,"column":8},"end":{"line":172,"column":9}}],"line":168},"19":{"loc":{"start":{"line":180,"column":6},"end":{"line":182,"column":7}},"type":"if","locations":[{"start":{"line":180,"column":6},"end":{"line":182,"column":7}},{"start":{"line":180,"column":6},"end":{"line":182,"column":7}}],"line":180},"20":{"loc":{"start":{"line":184,"column":4},"end":{"line":187,"column":5}},"type":"if","locations":[{"start":{"line":184,"column":4},"end":{"line":187,"column":5}},{"start":{"line":184,"column":4},"end":{"line":187,"column":5}}],"line":184},"21":{"loc":{"start":{"line":191,"column":9},"end":{"line":193,"column":3}},"type":"if","locations":[{"start":{"line":191,"column":9},"end":{"line":193,"column":3}},{"start":{"line":191,"column":9},"end":{"line":193,"column":3}}],"line":191},"22":{"loc":{"start":{"line":206,"column":4},"end":{"line":209,"column":5}},"type":"if","locations":[{"start":{"line":206,"column":4},"end":{"line":209,"column":5}},{"start":{"line":206,"column":4},"end":{"line":209,"column":5}}],"line":206},"23":{"loc":{"start":{"line":214,"column":2},"end":{"line":216,"column":3}},"type":"if","locations":[{"start":{"line":214,"column":2},"end":{"line":216,"column":3}},{"start":{"line":214,"column":2},"end":{"line":216,"column":3}}],"line":214},"24":{"loc":{"start":{"line":223,"column":4},"end":{"line":233,"column":5}},"type":"if","locations":[{"start":{"line":223,"column":4},"end":{"line":233,"column":5}},{"start":{"line":223,"column":4},"end":{"line":233,"column":5}}],"line":223},"25":{"loc":{"start":{"line":224,"column":6},"end":{"line":225,"column":69}},"type":"binary-expr","locations":[{"start":{"line":224,"column":6},"end":{"line":224,"column":69}},{"start":{"line":225,"column":6},"end":{"line":225,"column":69}}],"line":224},"26":{"loc":{"start":{"line":229,"column":6},"end":{"line":231,"column":7}},"type":"if","locations":[{"start":{"line":229,"column":6},"end":{"line":231,"column":7}},{"start":{"line":229,"column":6},"end":{"line":231,"column":7}}],"line":229},"27":{"loc":{"start":{"line":255,"column":2},"end":{"line":258,"column":3}},"type":"if","locations":[{"start":{"line":255,"column":2},"end":{"line":258,"column":3}},{"start":{"line":255,"column":2},"end":{"line":258,"column":3}}],"line":255},"28":{"loc":{"start":{"line":263,"column":4},"end":{"line":265,"column":5}},"type":"if","locations":[{"start":{"line":263,"column":4},"end":{"line":265,"column":5}},{"start":{"line":263,"column":4},"end":{"line":265,"column":5}}],"line":263},"29":{"loc":{"start":{"line":267,"column":2},"end":{"line":272,"column":3}},"type":"if","locations":[{"start":{"line":267,"column":2},"end":{"line":272,"column":3}},{"start":{"line":267,"column":2},"end":{"line":272,"column":3}}],"line":267},"30":{"loc":{"start":{"line":285,"column":2},"end":{"line":291,"column":3}},"type":"if","locations":[{"start":{"line":285,"column":2},"end":{"line":291,"column":3}},{"start":{"line":285,"column":2},"end":{"line":291,"column":3}}],"line":285},"31":{"loc":{"start":{"line":351,"column":2},"end":{"line":378,"column":3}},"type":"if","locations":[{"start":{"line":351,"column":2},"end":{"line":378,"column":3}},{"start":{"line":351,"column":2},"end":{"line":378,"column":3}}],"line":351},"32":{"loc":{"start":{"line":355,"column":7},"end":{"line":378,"column":3}},"type":"if","locations":[{"start":{"line":355,"column":7},"end":{"line":378,"column":3}},{"start":{"line":355,"column":7},"end":{"line":378,"column":3}}],"line":355},"33":{"loc":{"start":{"line":357,"column":6},"end":{"line":364,"column":7}},"type":"if","locations":[{"start":{"line":357,"column":6},"end":{"line":364,"column":7}},{"start":{"line":357,"column":6},"end":{"line":364,"column":7}}],"line":357},"34":{"loc":{"start":{"line":370,"column":6},"end":{"line":376,"column":7}},"type":"if","locations":[{"start":{"line":370,"column":6},"end":{"line":376,"column":7}},{"start":{"line":370,"column":6},"end":{"line":376,"column":7}}],"line":370},"35":{"loc":{"start":{"line":370,"column":10},"end":{"line":370,"column":75}},"type":"binary-expr","locations":[{"start":{"line":370,"column":10},"end":{"line":370,"column":36}},{"start":{"line":370,"column":40},"end":{"line":370,"column":75}}],"line":370},"36":{"loc":{"start":{"line":399,"column":4},"end":{"line":409,"column":5}},"type":"if","locations":[{"start":{"line":399,"column":4},"end":{"line":409,"column":5}},{"start":{"line":399,"column":4},"end":{"line":409,"column":5}}],"line":399},"37":{"loc":{"start":{"line":399,"column":8},"end":{"line":399,"column":67}},"type":"binary-expr","locations":[{"start":{"line":399,"column":8},"end":{"line":399,"column":50}},{"start":{"line":399,"column":54},"end":{"line":399,"column":67}}],"line":399},"38":{"loc":{"start":{"line":402,"column":6},"end":{"line":406,"column":7}},"type":"if","locations":[{"start":{"line":402,"column":6},"end":{"line":406,"column":7}},{"start":{"line":402,"column":6},"end":{"line":406,"column":7}}],"line":402},"39":{"loc":{"start":{"line":411,"column":4},"end":{"line":420,"column":5}},"type":"if","locations":[{"start":{"line":411,"column":4},"end":{"line":420,"column":5}},{"start":{"line":411,"column":4},"end":{"line":420,"column":5}}],"line":411},"40":{"loc":{"start":{"line":413,"column":6},"end":{"line":417,"column":7}},"type":"if","locations":[{"start":{"line":413,"column":6},"end":{"line":417,"column":7}},{"start":{"line":413,"column":6},"end":{"line":417,"column":7}}],"line":413},"41":{"loc":{"start":{"line":423,"column":2},"end":{"line":432,"column":3}},"type":"if","locations":[{"start":{"line":423,"column":2},"end":{"line":432,"column":3}},{"start":{"line":423,"column":2},"end":{"line":432,"column":3}}],"line":423},"42":{"loc":{"start":{"line":426,"column":4},"end":{"line":430,"column":5}},"type":"if","locations":[{"start":{"line":426,"column":4},"end":{"line":430,"column":5}},{"start":{"line":426,"column":4},"end":{"line":430,"column":5}}],"line":426},"43":{"loc":{"start":{"line":444,"column":2},"end":{"line":458,"column":3}},"type":"if","locations":[{"start":{"line":444,"column":2},"end":{"line":458,"column":3}},{"start":{"line":444,"column":2},"end":{"line":458,"column":3}}],"line":444},"44":{"loc":{"start":{"line":452,"column":6},"end":{"line":456,"column":7}},"type":"if","locations":[{"start":{"line":452,"column":6},"end":{"line":456,"column":7}},{"start":{"line":452,"column":6},"end":{"line":456,"column":7}}],"line":452},"45":{"loc":{"start":{"line":470,"column":2},"end":{"line":474,"column":3}},"type":"if","locations":[{"start":{"line":470,"column":2},"end":{"line":474,"column":3}},{"start":{"line":470,"column":2},"end":{"line":474,"column":3}}],"line":470},"46":{"loc":{"start":{"line":475,"column":2},"end":{"line":477,"column":3}},"type":"if","locations":[{"start":{"line":475,"column":2},"end":{"line":477,"column":3}},{"start":{"line":475,"column":2},"end":{"line":477,"column":3}}],"line":475},"47":{"loc":{"start":{"line":485,"column":2},"end":{"line":491,"column":3}},"type":"if","locations":[{"start":{"line":485,"column":2},"end":{"line":491,"column":3}},{"start":{"line":485,"column":2},"end":{"line":491,"column":3}}],"line":485}},"s":{"0":1,"1":1,"2":1,"3":1,"4":0,"5":0,"6":1,"7":1,"8":0,"9":0,"10":1,"11":1,"12":0,"13":0,"14":1,"15":1,"16":1,"17":1,"18":1,"19":0,"20":1,"21":0,"22":1,"23":5,"24":9,"25":3,"26":1,"27":1,"28":1,"29":1,"30":1,"31":1,"32":1,"33":1,"34":1,"35":1,"36":1,"37":1,"38":1,"39":1,"40":1,"41":1,"42":1,"43":1,"44":1,"45":1,"46":0,"47":2,"48":2,"49":0,"50":0,"51":2,"52":2,"53":2,"54":2,"55":2,"56":2,"57":2,"58":0,"59":2,"60":1,"61":1,"62":1,"63":1,"64":1,"65":1,"66":1,"67":1,"68":1,"69":1,"70":1,"71":1,"72":1,"73":1,"74":1,"75":1,"76":1,"77":1,"78":1,"79":1,"80":1,"81":0,"82":1,"83":1,"84":0,"85":0,"86":1,"87":1,"88":1,"89":1,"90":0,"91":2,"92":2,"93":2,"94":0,"95":0,"96":0,"97":2,"98":2,"99":1,"100":2,"101":2,"102":2,"103":2,"104":7,"105":2,"106":2,"107":2,"108":1,"109":2,"110":5,"111":2,"112":1,"113":1,"114":1,"115":1,"116":1,"117":1,"118":1,"119":0,"120":1,"121":1,"122":0,"123":0,"124":1,"125":1,"126":1,"127":1,"128":5,"129":5,"130":5,"131":5,"132":0,"133":0,"134":0,"135":0,"136":0,"137":0,"138":0,"139":0,"140":0,"141":0,"142":0,"143":0,"144":0,"145":0,"146":0,"147":0,"148":0,"149":0,"150":0,"151":0,"152":0,"153":0,"154":0,"155":0,"156":0,"157":0,"158":0,"159":0,"160":0,"161":0,"162":0,"163":0,"164":0,"165":0,"166":0,"167":0,"168":0,"169":0,"170":0,"171":0,"172":0,"173":0,"174":0,"175":0,"176":0,"177":0,"178":0,"179":0,"180":0,"181":0,"182":0,"183":0,"184":0,"185":0,"186":0,"187":0,"188":0,"189":0,"190":0,"191":0,"192":0,"193":0,"194":0,"195":0,"196":0,"197":0,"198":0,"199":0,"200":0,"201":0,"202":0,"203":0,"204":0,"205":0,"206":0,"207":0,"208":0,"209":0,"210":0,"211":0,"212":1,"213":1,"214":0,"215":1,"216":1,"217":0,"218":0,"219":0,"220":0,"221":0,"222":0,"223":0},"f":{"0":5,"1":9,"2":3,"3":1,"4":2,"5":0,"6":1,"7":1,"8":0,"9":2,"10":0,"11":1,"12":0,"13":5,"14":0,"15":0,"16":0,"17":0,"18":0,"19":0,"20":0,"21":0,"22":0,"23":0,"24":0,"25":0,"26":1,"27":0},"b":{"0":[0,1],"1":[0,1],"2":[0,1],"3":[1,0],"4":[0,1],"5":[1,0],"6":[1,0],"7":[1,1],"8":[1,0],"9":[1,0],"10":[0,0],"11":[2,0],"12":[2,2],"13":[1,0],"14":[1,0],"15":[1,1],"16":[1,0],"17":[1,0],"18":[1,0],"19":[0,0],"20":[1,0],"21":[0,0],"22":[0,0],"23":[1,1],"24":[2,5],"25":[7,2],"26":[1,1],"27":[0,1],"28":[0,0],"29":[1,0],"30":[0,5],"31":[0,0],"32":[0,0],"33":[0,0],"34":[0,0],"35":[0,0],"36":[0,0],"37":[0,0],"38":[0,0],"39":[0,0],"40":[0,0],"41":[0,0],"42":[0,0],"43":[0,0],"44":[0,0],"45":[0,1],"46":[0,1],"47":[0,0]},"_coverageSchema":"1a1c01bbd47fc00a2c39e90264f33305004495a9","hash":"3c6a9452b91dfb1c5b8bff016dbcd3aad3196f16"}
}
