TN:
SF:sources/scripts/storage.js
FN:43,updateBullet
FN:46,updateCategory
FN:49,updateDate
FN:57,deleteBullet
FN:99,deleteCategory
FN:106,(anonymous_5)
FN:141,editBullet
FN:146,(anonymous_7)
FN:179,(anonymous_8)
FN:201,editCategory
FN:205,(anonymous_10)
FN:244,addBullet
FN:262,(anonymous_12)
FN:280,addCategory
FN:298,buildDefault
FN:312,(anonymous_15)
FN:334,buildCurrent
FN:343,(anonymous_17)
FN:356,(anonymous_18)
FN:369,(anonymous_19)
FN:384,buildDate
FN:392,(anonymous_21)
FN:397,(anonymous_22)
FN:441,updateDateBackground
FN:446,(anonymous_24)
FN:451,(anonymous_25)
FN:465,updateActiveCategories
FN:484,updateActiveDates
FNF:28
FNH:11
FNDA:5,updateBullet
FNDA:9,updateCategory
FNDA:3,updateDate
FNDA:1,deleteBullet
FNDA:2,deleteCategory
FNDA:0,(anonymous_5)
FNDA:1,editBullet
FNDA:1,(anonymous_7)
FNDA:0,(anonymous_8)
FNDA:2,editCategory
FNDA:0,(anonymous_10)
FNDA:1,addBullet
FNDA:0,(anonymous_12)
FNDA:5,addCategory
FNDA:0,buildDefault
FNDA:0,(anonymous_15)
FNDA:0,buildCurrent
FNDA:0,(anonymous_17)
FNDA:0,(anonymous_18)
FNDA:0,(anonymous_19)
FNDA:0,buildDate
FNDA:0,(anonymous_21)
FNDA:0,(anonymous_22)
FNDA:0,updateDateBackground
FNDA:0,(anonymous_24)
FNDA:0,(anonymous_25)
FNDA:1,updateActiveCategories
FNDA:0,updateActiveDates
DA:1,1
DA:7,1
DA:8,1
DA:10,1
DA:11,0
DA:12,0
DA:14,1
DA:16,1
DA:17,0
DA:18,0
DA:20,1
DA:22,1
DA:23,0
DA:24,0
DA:26,1
DA:30,1
DA:31,1
DA:32,1
DA:33,1
DA:35,0
DA:37,1
DA:38,0
DA:40,1
DA:44,5
DA:47,9
DA:50,3
DA:58,1
DA:59,1
DA:60,1
DA:64,1
DA:65,1
DA:66,1
DA:68,1
DA:69,1
DA:70,1
DA:71,1
DA:72,1
DA:75,1
DA:78,1
DA:79,1
DA:80,1
DA:81,1
DA:82,1
DA:83,1
DA:84,1
DA:86,1
DA:88,0
DA:101,2
DA:106,2
DA:107,0
DA:108,0
DA:114,2
DA:115,2
DA:118,2
DA:122,2
DA:123,2
DA:127,2
DA:128,2
DA:130,0
DA:132,2
DA:142,1
DA:143,1
DA:144,1
DA:145,1
DA:146,1
DA:147,1
DA:148,1
DA:149,1
DA:150,1
DA:152,1
DA:156,1
DA:157,1
DA:160,1
DA:163,1
DA:165,1
DA:166,1
DA:167,1
DA:168,1
DA:169,1
DA:170,1
DA:171,1
DA:173,0
DA:178,1
DA:179,1
DA:180,0
DA:181,0
DA:184,1
DA:185,1
DA:186,1
DA:188,1
DA:191,0
DA:203,2
DA:204,2
DA:205,2
DA:206,0
DA:207,0
DA:208,0
DA:211,2
DA:214,2
DA:215,1
DA:217,2
DA:218,2
DA:219,2
DA:220,2
DA:223,7
DA:227,2
DA:228,2
DA:229,2
DA:230,1
DA:232,2
DA:234,5
DA:236,2
DA:245,1
DA:246,1
DA:247,1
DA:250,1
DA:251,1
DA:252,1
DA:255,1
DA:256,0
DA:261,1
DA:262,1
DA:263,0
DA:264,0
DA:267,1
DA:268,1
DA:269,1
DA:270,1
DA:281,5
DA:282,5
DA:283,5
DA:285,5
DA:286,0
DA:290,0
DA:299,0
DA:300,0
DA:301,0
DA:302,0
DA:305,0
DA:306,0
DA:307,0
DA:308,0
DA:309,0
DA:312,0
DA:313,0
DA:314,0
DA:315,0
DA:320,0
DA:321,0
DA:324,0
DA:325,0
DA:328,0
DA:336,0
DA:337,0
DA:338,0
DA:342,0
DA:343,0
DA:351,0
DA:355,0
DA:356,0
DA:357,0
DA:358,0
DA:361,0
DA:362,0
DA:363,0
DA:369,0
DA:370,0
DA:371,0
DA:373,0
DA:374,0
DA:375,0
DA:385,0
DA:386,0
DA:387,0
DA:391,0
DA:392,0
DA:396,0
DA:397,0
DA:399,0
DA:400,0
DA:401,0
DA:402,0
DA:403,0
DA:405,0
DA:407,0
DA:408,0
DA:411,0
DA:412,0
DA:413,0
DA:414,0
DA:416,0
DA:418,0
DA:419,0
DA:423,0
DA:424,0
DA:425,0
DA:426,0
DA:427,0
DA:429,0
DA:431,0
DA:434,0
DA:442,0
DA:443,0
DA:444,0
DA:445,0
DA:446,0
DA:447,0
DA:450,0
DA:451,0
DA:452,0
DA:453,0
DA:455,0
DA:466,1
DA:470,1
DA:471,0
DA:473,1
DA:475,1
DA:476,0
DA:485,0
DA:486,0
DA:487,0
DA:489,0
DA:490,0
DA:492,0
LF:224
LH:114
BRDA:10,0,0,0
BRDA:10,0,1,1
BRDA:16,1,0,0
BRDA:16,1,1,1
BRDA:22,2,0,0
BRDA:22,2,1,1
BRDA:32,3,0,1
BRDA:32,3,1,0
BRDA:37,4,0,0
BRDA:37,4,1,1
BRDA:65,5,0,1
BRDA:65,5,1,0
BRDA:70,6,0,1
BRDA:70,6,1,0
BRDA:70,7,0,1
BRDA:70,7,1,1
BRDA:78,8,0,1
BRDA:78,8,1,0
BRDA:81,9,0,1
BRDA:81,9,1,0
BRDA:107,10,0,0
BRDA:107,10,1,0
BRDA:118,11,0,2
BRDA:118,11,1,0
BRDA:119,12,0,2
BRDA:119,12,1,2
BRDA:149,13,0,1
BRDA:149,13,1,0
BRDA:152,14,0,1
BRDA:152,14,1,0
BRDA:153,15,0,1
BRDA:153,15,1,1
BRDA:163,16,0,1
BRDA:163,16,1,0
BRDA:165,17,0,1
BRDA:165,17,1,0
BRDA:168,18,0,1
BRDA:168,18,1,0
BRDA:180,19,0,0
BRDA:180,19,1,0
BRDA:184,20,0,1
BRDA:184,20,1,0
BRDA:191,21,0,0
BRDA:191,21,1,0
BRDA:206,22,0,0
BRDA:206,22,1,0
BRDA:214,23,0,1
BRDA:214,23,1,1
BRDA:223,24,0,2
BRDA:223,24,1,5
BRDA:224,25,0,7
BRDA:224,25,1,2
BRDA:229,26,0,1
BRDA:229,26,1,1
BRDA:255,27,0,0
BRDA:255,27,1,1
BRDA:263,28,0,0
BRDA:263,28,1,0
BRDA:267,29,0,1
BRDA:267,29,1,0
BRDA:285,30,0,0
BRDA:285,30,1,5
BRDA:351,31,0,0
BRDA:351,31,1,0
BRDA:355,32,0,0
BRDA:355,32,1,0
BRDA:357,33,0,0
BRDA:357,33,1,0
BRDA:370,34,0,0
BRDA:370,34,1,0
BRDA:370,35,0,0
BRDA:370,35,1,0
BRDA:399,36,0,0
BRDA:399,36,1,0
BRDA:399,37,0,0
BRDA:399,37,1,0
BRDA:402,38,0,0
BRDA:402,38,1,0
BRDA:411,39,0,0
BRDA:411,39,1,0
BRDA:413,40,0,0
BRDA:413,40,1,0
BRDA:423,41,0,0
BRDA:423,41,1,0
BRDA:426,42,0,0
BRDA:426,42,1,0
BRDA:444,43,0,0
BRDA:444,43,1,0
BRDA:452,44,0,0
BRDA:452,44,1,0
BRDA:470,45,0,0
BRDA:470,45,1,1
BRDA:475,46,0,0
BRDA:475,46,1,1
BRDA:485,47,0,0
BRDA:485,47,1,0
BRF:96
BRH:35
end_of_record
